#
# A fatal error has been detected by the Java Runtime Environment:
#
#  SIGSEGV (0xb) at pc=0x000000011b48d511, pid=504, tid=1811
#
# JRE version: Java(TM) SE Runtime Environment (8.0_45-b14) (build 1.8.0_45-b14)
# Java VM: Java HotSpot(TM) 64-Bit Server VM (25.45-b02 mixed mode bsd-amd64 compressed oops)
# Problematic frame:
# C  [libglass.dylib+0x15511]  GlassScreenDidChangeScreenParameters+0x21
#
# Failed to write core dump. Core dumps have been disabled. To enable core dumping, try "ulimit -c unlimited" before starting Java again
#
# If you would like to submit a bug report, please visit:
#   http://bugreport.java.com/bugreport/crash.jsp
#

---------------  T H R E A D  ---------------

Current thread is native thread

siginfo: si_signo: 11 (SIGSEGV), si_code: 1 (SEGV_MAPERR), si_addr: 0x0000000000000000

Registers:
RAX=0x000000011b4bfac8, RBX=0x0000000000000000, RCX=0x2f00c7770f918ea4, RDX=0x00007fff7a56a1f8
RSP=0x00007fff5c147110, RBP=0x00007fff5c147120, RSI=0x00007ffb03512640, RDI=0x0000000000000000
R8 =0x00007fff5c146fc0, R9 =0x00007fff7926b300, R10=0x0000000000000000, R11=0x0000000000000246
R12=0x00007ffb03412260, R13=0x00000000000f4268, R14=0x00007ffb0368c160, R15=0x00007fff5c147260
RIP=0x000000011b48d511, EFLAGS=0x0000000000010246, ERR=0x0000000000000004
  TRAPNO=0x000000000000000e

Top of Stack: (sp=0x00007fff5c147110)
0x00007fff5c147110:   00007fff5c1472f0 00007ffb0368c160
0x00007fff5c147120:   00007fff5c147130 00007fff8f13dcbc
0x00007fff5c147130:   00007fff5c147490 00007fff8f02f1b4
0x00007fff5c147140:   00007ffb03488570 0000000000000a00
0x00007fff5c147150:   0000000103ad1000 00007ffb036fc080
0x00007fff5c147160:   0000000000001001 0000000000000270
0x00007fff5c147170:   0000000000000006 00007ffb0368c160
0x00007fff5c147180:   0000000000000000 00007fff5c147260
0x00007fff5c147190:   0000000000000000 00007ffb0368c120
0x00007fff5c1471a0:   00007fff5c1472e0 000000000000001a
0x00007fff5c1471b0:   00000000000f4286 00007ffb037076c0
0x00007fff5c1471c0:   00007ffb03533be0 00007ffb03412260
0x00007fff5c1471d0:   0000000000000001 00000000000f4268
0x00007fff5c1471e0:   00007ffb03412250 00007fff97e97acb
0x00007fff5c1471f0:   0000000000000001 0000000000000001
0x00007fff5c147200:   0000000000000030 0000000000000001
0x00007fff5c147210:   00007fff5c147230 00007fff97e9d231
0x00007fff5c147220:   00007fff79422dd0 0000000000000000
0x00007fff5c147230:   00007fff5c147250 0000000000000006
0x00007fff5c147240:   0000310397e9753e 00007ffb03412284
0x00007fff5c147250:   0000000000000000 00007fff8f024c8f
0x00007fff5c147260:   00007ffb0368c160 00007fff79422dd0
0x00007fff5c147270:   00007fff5c1472f0 0000000000000001
0x00007fff5c147280:   00007fff5c1472c0 00007fff97e9753e
0x00007fff5c147290:   0000000103ad4a00 0000000000000002
0x00007fff5c1472a0:   0000000103ad1000 00007ffb0370d342
0x00007fff5c1472b0:   0000000000000003 0000000103ad5400
0x00007fff5c1472c0:   00007fff5c1473b0 00007fff97e962a2
0x00007fff5c1472d0:   00007ffb03533750 00007fff5c147498
0x00007fff5c1472e0:   0000000000000017 0000000000000000
0x00007fff5c1472f0:   00000000000f4268 00007fff8f024f83
0x00007fff5c147300:   00007fff00000000 00007ffb03453ee0 

Instructions: (pc=0x000000011b48d511)
0x000000011b48d4f1:   48 89 e5 41 56 53 48 8d 05 c2 26 03 00 48 83 38
0x000000011b48d501:   00 48 89 fb 75 72 48 8d 05 ba 25 03 00 48 8b 30
0x000000011b48d511:   48 8b 03 48 8d 15 6c 9a 01 00 48 8d 0d 86 6f 01
0x000000011b48d521:   00 48 89 df ff 90 88 03 00 00 48 8d 0d 8e 26 03 

Register to memory mapping:

RAX=0x000000011b4bfac8: jScreenClass+0 in /Library/Java/JavaVirtualMachines/jdk1.8.0_45.jdk/Contents/Home/jre/lib/libglass.dylib at 0x000000011b478000
RBX=0x0000000000000000 is an unknown value
RCX=0x2f00c7770f918ea4 is an unknown value
RDX=0x00007fff7a56a1f8: __sFX+0x1c8 in /usr/lib/system/libsystem_c.dylib at 0x00007fff94af5000
RSP=0x00007fff5c147110 is an unknown value
RBP=0x00007fff5c147120 is an unknown value
RSI=0x00007ffb03512640 is a global jni handle
RDI=0x0000000000000000 is an unknown value
R8 =0x00007fff5c146fc0 is an unknown value
R9 =0x00007fff7926b300: _thread+0 in /usr/lib/system/libsystem_pthread.dylib at 0x00007fff8e506000
R10=0x0000000000000000 is an unknown value
R11=0x0000000000000246 is an unknown value
R12=0x00007ffb03412260 is an unknown value
R13=0x00000000000f4268 is an unknown value
R14=0x00007ffb0368c160 is an unknown value
R15=0x00007fff5c147260 is an unknown value


Stack: [0x00007fff5b94a000,0x00007fff5c14a000],  sp=0x00007fff5c147110,  free space=8180k
Native frames: (J=compiled Java code, j=interpreted, Vv=VM code, C=native code)
C  [libglass.dylib+0x15511]  GlassScreenDidChangeScreenParameters+0x21
C  [CoreFoundation+0x11ecbc]  __CFNOTIFICATIONCENTER_IS_CALLING_OUT_TO_AN_OBSERVER__+0xc
C  [CoreFoundation+0x101b4]  _CFXNotificationPost+0xc44
C  [Foundation+0x2ea1]  -[NSNotificationCenter postNotificationName:object:userInfo:]+0x42
C  [AppKit+0x362dee]  -[NSApplication _reactToScreenInvalidationImmediately:]+0x17b
C  [AppKit+0x362c2d]  __44-[NSApplication _reactToScreenInvalidation:]_block_invoke+0x4b
C  [CoreFoundation+0x8054c]  __CFRUNLOOP_IS_CALLING_OUT_TO_A_BLOCK__+0xc
C  [CoreFoundation+0x72655]  __CFRunLoopDoBlocks+0x155
C  [CoreFoundation+0x72196]  __CFRunLoopRun+0x716
C  [CoreFoundation+0x71838]  CFRunLoopRunSpecific+0x128
C  [java+0x6490]  CreateExecutionEnvironment+0x367
C  [java+0x221c]  JLI_Launch+0x7a0
C  [java+0x84ed]  main+0x65
C  [java+0x1a74]  start+0x34


---------------  P R O C E S S  ---------------

VM state:at safepoint (normal execution)

VM Mutex/Monitor currently owned by a thread:  ([mutex/lock_event])
[0x00007ffb0360ca10] Threads_lock - owner thread: 0x00007ffb0400b800

Heap:
 PSYoungGen      total 18944K, used 10487K [0x00000007aab00000, 0x00000007ac000000, 0x00000007c0000000)
  eden space 16384K, 64% used [0x00000007aab00000,0x00000007ab53dca0,0x00000007abb00000)
  from space 2560K, 0% used [0x00000007abd80000,0x00000007abd80000,0x00000007ac000000)
  to   space 2560K, 0% used [0x00000007abb00000,0x00000007abb00000,0x00000007abd80000)
 ParOldGen       total 44032K, used 0K [0x0000000780000000, 0x0000000782b00000, 0x00000007aab00000)
  object space 44032K, 0% used [0x0000000780000000,0x0000000780000000,0x0000000782b00000)
 Metaspace       used 6954K, capacity 7252K, committed 7424K, reserved 1056768K
  class space    used 843K, capacity 965K, committed 1024K, reserved 1048576K

Card table byte_map: [0x0000000114861000,0x0000000114a62000] byte_map_base: 0x0000000110c61000

Marking Bits: (ParMarkBitMap*) 0x0000000104cc27a0
 Begin Bits: [0x0000000114fc4000, 0x0000000115fc4000)
 End Bits:   [0x0000000115fc4000, 0x0000000116fc4000)

Polling page: 0x0000000103bda000

CodeCache: size=245760Kb used=2149Kb max_used=2149Kb free=243610Kb
 bounds [0x00000001054a1000, 0x0000000105711000, 0x00000001144a1000]
 total_blobs=875 nmethods=487 adapters=302
 compilation: enabled

Compilation events (10 events):
Event: 0.707 Thread 0x00007ffb05004800 nmethod 483 0x00000001056b5090 code [0x00000001056b5240, 0x00000001056b57a8]
Event: 0.709 Thread 0x00007ffb05004800  485       3       java.util.StringTokenizer::scanToken (179 bytes)
Event: 0.709 Thread 0x00007ffb05004000 nmethod 482 0x00000001056b89d0 code [0x00000001056b8b20, 0x00000001056b8f48]
Event: 0.710 Thread 0x00007ffb05004800 nmethod 485 0x00000001056b6d10 code [0x00000001056b6fa0, 0x00000001056b8258]
Event: 0.710 Thread 0x00007ffb05004800  484       3       java.util.StringTokenizer::skipDelimiters (116 bytes)
Event: 0.711 Thread 0x00007ffb05004800 nmethod 484 0x00000001056b5ad0 code [0x00000001056b5ce0, 0x00000001056b6878]
Event: 0.711 Thread 0x00007ffb05004800  486       3       java.util.StringTokenizer::hasMoreTokens (29 bytes)
Event: 0.711 Thread 0x00007ffb05004800 nmethod 486 0x00000001056b9090 code [0x00000001056b9200, 0x00000001056b9408]
Event: 0.711 Thread 0x00007ffb05004800  487   !   3       java.util.zip.ZipFile::getEntry (86 bytes)
Event: 0.711 Thread 0x00007ffb05004800 nmethod 487 0x00000001056b9490 code [0x00000001056b9660, 0x00000001056b9cb8]

GC Heap History (0 events):
No events

Deoptimization events (0 events):
No events

Internal exceptions (10 events):
Event: 0.191 Thread 0x00007ffb0380c800 Exception <a 'java/security/PrivilegedActionException'> (0x00000007aac870a8) thrown at [/Users/java_re/workspace/8-2-build-macosx-x86_64/jdk8u45/3457/hotspot/src/share/vm/prims/jvm.cpp, line 1382]
Event: 0.191 Thread 0x00007ffb0380c800 Exception <a 'java/security/PrivilegedActionException'> (0x00000007aac87260) thrown at [/Users/java_re/workspace/8-2-build-macosx-x86_64/jdk8u45/3457/hotspot/src/share/vm/prims/jvm.cpp, line 1382]
Event: 0.276 Thread 0x00007ffb0380c800 Exception <a 'java/lang/NoSuchFieldError': method resolution failed> (0x00000007aad95f08) thrown at [/Users/java_re/workspace/8-2-build-macosx-x86_64/jdk8u45/3457/hotspot/src/share/vm/prims/methodHandles.cpp, line 1125]
Event: 0.279 Thread 0x00007ffb0380c800 Exception <a 'java/lang/NoSuchFieldError': method resolution failed> (0x00000007aada45d8) thrown at [/Users/java_re/workspace/8-2-build-macosx-x86_64/jdk8u45/3457/hotspot/src/share/vm/prims/methodHandles.cpp, line 1125]
Event: 0.307 Thread 0x00007ffb0380c800 Exception <a 'java/security/PrivilegedActionException'> (0x00000007aae30bc0) thrown at [/Users/java_re/workspace/8-2-build-macosx-x86_64/jdk8u45/3457/hotspot/src/share/vm/prims/jvm.cpp, line 1382]
Event: 0.307 Thread 0x00007ffb0380c800 Exception <a 'java/security/PrivilegedActionException'> (0x00000007aae30d78) thrown at [/Users/java_re/workspace/8-2-build-macosx-x86_64/jdk8u45/3457/hotspot/src/share/vm/prims/jvm.cpp, line 1382]
Event: 0.307 Thread 0x00007ffb0380c800 Exception <a 'java/security/PrivilegedActionException'> (0x00000007aae33f68) thrown at [/Users/java_re/workspace/8-2-build-macosx-x86_64/jdk8u45/3457/hotspot/src/share/vm/prims/jvm.cpp, line 1382]
Event: 0.307 Thread 0x00007ffb0380c800 Exception <a 'java/security/PrivilegedActionException'> (0x00000007aae34120) thrown at [/Users/java_re/workspace/8-2-build-macosx-x86_64/jdk8u45/3457/hotspot/src/share/vm/prims/jvm.cpp, line 1382]
Event: 0.308 Thread 0x00007ffb0380c800 Exception <a 'java/lang/NullPointerException'> (0x00000007aae35a40) thrown at [/Users/java_re/workspace/8-2-build-macosx-x86_64/jdk8u45/3457/hotspot/src/share/vm/interpreter/linkResolver.cpp, line 1178]
Event: 0.683 Thread 0x00007ffb0380c800 Exception <a 'java/lang/reflect/InvocationTargetException'> (0x00000007ab3a70a0) thrown at [/Users/java_re/workspace/8-2-build-macosx-x86_64/jdk8u45/3457/hotspot/src/share/vm/runtime/reflection.cpp, line 1080]

Events (10 events):
Event: 0.715 loading class java/util/Formatter$Flags done
Event: 0.716 loading class java/util/Formatter$Conversion
Event: 0.716 loading class java/util/Formatter$Conversion done
Event: 0.716 loading class java/util/Formattable
Event: 0.716 loading class java/util/Formattable done
Event: 0.716 loading class java/util/IdentityHashMap$KeyIterator
Event: 0.716 loading class java/util/IdentityHashMap$IdentityHashMapIterator
Event: 0.717 loading class java/util/IdentityHashMap$IdentityHashMapIterator done
Event: 0.717 loading class java/util/IdentityHashMap$KeyIterator done
Event: 0.717 Executing VM operation: Exit


Dynamic libraries:
0x0000000008677000 	/System/Library/Frameworks/Cocoa.framework/Versions/A/Cocoa
0x0000000008677000 	/System/Library/Frameworks/Security.framework/Versions/A/Security
0x0000000008677000 	/System/Library/Frameworks/ApplicationServices.framework/Versions/A/ApplicationServices
0x0000000008677000 	/usr/lib/libz.1.dylib
0x0000000008677000 	/usr/lib/libSystem.B.dylib
0x0000000008677000 	/usr/lib/libobjc.A.dylib
0x0000000008677000 	/System/Library/Frameworks/CoreFoundation.framework/Versions/A/CoreFoundation
0x0000000008677000 	/System/Library/Frameworks/Foundation.framework/Versions/C/Foundation
0x0000000008677000 	/System/Library/Frameworks/AppKit.framework/Versions/C/AppKit
0x0000000008677000 	/System/Library/Frameworks/CoreData.framework/Versions/A/CoreData
0x0000000008677000 	/System/Library/PrivateFrameworks/RemoteViewServices.framework/Versions/A/RemoteViewServices
0x0000000008677000 	/System/Library/PrivateFrameworks/UIFoundation.framework/Versions/A/UIFoundation
0x0000000008677000 	/System/Library/Frameworks/IOSurface.framework/Versions/A/IOSurface
0x0000000008677000 	/System/Library/Frameworks/AudioToolbox.framework/Versions/A/AudioToolbox
0x0000000008677000 	/System/Library/Frameworks/AudioUnit.framework/Versions/A/AudioUnit
0x0000000008677000 	/System/Library/PrivateFrameworks/DataDetectorsCore.framework/Versions/A/DataDetectorsCore
0x0000000008677000 	/System/Library/PrivateFrameworks/DesktopServicesPriv.framework/Versions/A/DesktopServicesPriv
0x0000000008677000 	/System/Library/Frameworks/Carbon.framework/Versions/A/Frameworks/HIToolbox.framework/Versions/A/HIToolbox
0x0000000008677000 	/System/Library/Frameworks/QuartzCore.framework/Versions/A/QuartzCore
0x0000000008677000 	/System/Library/Frameworks/Carbon.framework/Versions/A/Frameworks/SpeechRecognition.framework/Versions/A/SpeechRecognition
0x0000000008677000 	/usr/lib/libauto.dylib
0x0000000008677000 	/usr/lib/libicucore.A.dylib
0x0000000008677000 	/usr/lib/libxml2.2.dylib
0x0000000008677000 	/System/Library/PrivateFrameworks/CoreUI.framework/Versions/A/CoreUI
0x0000000008677000 	/System/Library/Frameworks/CoreAudio.framework/Versions/A/CoreAudio
0x0000000008677000 	/System/Library/Frameworks/DiskArbitration.framework/Versions/A/DiskArbitration
0x0000000008677000 	/usr/lib/liblangid.dylib
0x0000000008677000 	/System/Library/PrivateFrameworks/MultitouchSupport.framework/Versions/A/MultitouchSupport
0x0000000008677000 	/System/Library/Frameworks/IOKit.framework/Versions/A/IOKit
0x0000000008677000 	/usr/lib/libDiagnosticMessagesClient.dylib
0x0000000008677000 	/System/Library/Frameworks/CoreServices.framework/Versions/A/CoreServices
0x0000000008677000 	/System/Library/PrivateFrameworks/PerformanceAnalysis.framework/Versions/A/PerformanceAnalysis
0x0000000008677000 	/System/Library/PrivateFrameworks/GenerationalStorage.framework/Versions/A/GenerationalStorage
0x0000000008677000 	/System/Library/Frameworks/OpenGL.framework/Versions/A/OpenGL
0x0000000008677000 	/System/Library/PrivateFrameworks/Sharing.framework/Versions/A/Sharing
0x0000000008677000 	/System/Library/Frameworks/CoreGraphics.framework/Versions/A/CoreGraphics
0x0000000008677000 	/System/Library/Frameworks/CoreText.framework/Versions/A/CoreText
0x0000000008677000 	/System/Library/Frameworks/ImageIO.framework/Versions/A/ImageIO
0x0000000008677000 	/usr/lib/libextension.dylib
0x0000000008677000 	/System/Library/PrivateFrameworks/Backup.framework/Versions/A/Backup
0x0000000008677000 	/usr/lib/libarchive.2.dylib
0x0000000008677000 	/System/Library/Frameworks/CFNetwork.framework/Versions/A/CFNetwork
0x0000000008677000 	/System/Library/Frameworks/SystemConfiguration.framework/Versions/A/SystemConfiguration
0x0000000008677000 	/usr/lib/libCRFSuite.dylib
0x0000000008677000 	/usr/lib/libc++.1.dylib
0x0000000008677000 	/usr/lib/libc++abi.dylib
0x0000000008677000 	/usr/lib/system/libcache.dylib
0x0000000008677000 	/usr/lib/system/libcommonCrypto.dylib
0x0000000008677000 	/usr/lib/system/libcompiler_rt.dylib
0x0000000008677000 	/usr/lib/system/libcopyfile.dylib
0x0000000008677000 	/usr/lib/system/libcorecrypto.dylib
0x0000000008677000 	/usr/lib/system/libdispatch.dylib
0x0000000008677000 	/usr/lib/system/libdyld.dylib
0x0000000008677000 	/usr/lib/system/libkeymgr.dylib
0x0000000008677000 	/usr/lib/system/liblaunch.dylib
0x0000000008677000 	/usr/lib/system/libmacho.dylib
0x0000000008677000 	/usr/lib/system/libquarantine.dylib
0x0000000008677000 	/usr/lib/system/libremovefile.dylib
0x0000000008677000 	/usr/lib/system/libsystem_asl.dylib
0x0000000008677000 	/usr/lib/system/libsystem_blocks.dylib
0x0000000008677000 	/usr/lib/system/libsystem_c.dylib
0x0000000008677000 	/usr/lib/system/libsystem_configuration.dylib
0x0000000008677000 	/usr/lib/system/libsystem_coreservices.dylib
0x0000000008677000 	/usr/lib/system/libsystem_coretls.dylib
0x0000000008677000 	/usr/lib/system/libsystem_dnssd.dylib
0x0000000008677000 	/usr/lib/system/libsystem_info.dylib
0x0000000008677000 	/usr/lib/system/libsystem_kernel.dylib
0x0000000008677000 	/usr/lib/system/libsystem_m.dylib
0x0000000008677000 	/usr/lib/system/libsystem_malloc.dylib
0x0000000008677000 	/usr/lib/system/libsystem_network.dylib
0x0000000008677000 	/usr/lib/system/libsystem_networkextension.dylib
0x0000000008677000 	/usr/lib/system/libsystem_notify.dylib
0x0000000008677000 	/usr/lib/system/libsystem_platform.dylib
0x0000000008677000 	/usr/lib/system/libsystem_pthread.dylib
0x0000000008677000 	/usr/lib/system/libsystem_sandbox.dylib
0x0000000008677000 	/usr/lib/system/libsystem_secinit.dylib
0x0000000008677000 	/usr/lib/system/libsystem_stats.dylib
0x0000000008677000 	/usr/lib/system/libsystem_trace.dylib
0x0000000008677000 	/usr/lib/system/libunc.dylib
0x0000000008677000 	/usr/lib/system/libunwind.dylib
0x0000000008677000 	/usr/lib/system/libxpc.dylib
0x0000000008677000 	/usr/lib/libbz2.1.0.dylib
0x0000000008677000 	/usr/lib/liblzma.5.dylib
0x0000000008677000 	/usr/lib/libbsm.0.dylib
0x0000000008677000 	/usr/lib/libsqlite3.dylib
0x0000000008677000 	/usr/lib/system/libkxld.dylib
0x0000000008677000 	/usr/lib/libxar.1.dylib
0x0000000008677000 	/usr/lib/libpam.2.dylib
0x0000000008677000 	/usr/lib/libOpenScriptingUtil.dylib
0x0000000008677000 	/System/Library/Frameworks/CoreServices.framework/Versions/A/Frameworks/FSEvents.framework/Versions/A/FSEvents
0x0000000008677000 	/System/Library/Frameworks/CoreServices.framework/Versions/A/Frameworks/CarbonCore.framework/Versions/A/CarbonCore
0x0000000008677000 	/System/Library/Frameworks/CoreServices.framework/Versions/A/Frameworks/Metadata.framework/Versions/A/Metadata
0x0000000008677000 	/System/Library/Frameworks/CoreServices.framework/Versions/A/Frameworks/OSServices.framework/Versions/A/OSServices
0x0000000008677000 	/System/Library/Frameworks/CoreServices.framework/Versions/A/Frameworks/SearchKit.framework/Versions/A/SearchKit
0x0000000008677000 	/System/Library/Frameworks/CoreServices.framework/Versions/A/Frameworks/AE.framework/Versions/A/AE
0x0000000008677000 	/System/Library/Frameworks/CoreServices.framework/Versions/A/Frameworks/LaunchServices.framework/Versions/A/LaunchServices
0x0000000008677000 	/System/Library/Frameworks/CoreServices.framework/Versions/A/Frameworks/DictionaryServices.framework/Versions/A/DictionaryServices
0x0000000008677000 	/System/Library/Frameworks/NetFS.framework/Versions/A/NetFS
0x0000000008677000 	/System/Library/PrivateFrameworks/NetAuth.framework/Versions/A/NetAuth
0x0000000008677000 	/System/Library/PrivateFrameworks/login.framework/Versions/A/Frameworks/loginsupport.framework/Versions/A/loginsupport
0x0000000008677000 	/System/Library/PrivateFrameworks/TCC.framework/Versions/A/TCC
0x0000000008677000 	/usr/lib/libmecabra.dylib
0x0000000008677000 	/System/Library/PrivateFrameworks/LanguageModeling.framework/Versions/A/LanguageModeling
0x0000000008677000 	/usr/lib/libcmph.dylib
0x0000000008677000 	/usr/lib/libiconv.2.dylib
0x0000000008677000 	/System/Library/Frameworks/OpenDirectory.framework/Versions/A/Frameworks/CFOpenDirectory.framework/Versions/A/CFOpenDirectory
0x0000000008677000 	/System/Library/Frameworks/ServiceManagement.framework/Versions/A/ServiceManagement
0x0000000008677000 	/usr/lib/libxslt.1.dylib
0x0000000008677000 	/System/Library/Frameworks/Carbon.framework/Versions/A/Frameworks/Ink.framework/Versions/A/Ink
0x0000000008677000 	/System/Library/Frameworks/ApplicationServices.framework/Versions/A/Frameworks/ATS.framework/Versions/A/ATS
0x0000000008677000 	/System/Library/Frameworks/ApplicationServices.framework/Versions/A/Frameworks/ColorSync.framework/Versions/A/ColorSync
0x0000000008677000 	/System/Library/Frameworks/ApplicationServices.framework/Versions/A/Frameworks/HIServices.framework/Versions/A/HIServices
0x0000000008677000 	/System/Library/Frameworks/ApplicationServices.framework/Versions/A/Frameworks/LangAnalysis.framework/Versions/A/LangAnalysis
0x0000000008677000 	/System/Library/Frameworks/ApplicationServices.framework/Versions/A/Frameworks/PrintCore.framework/Versions/A/PrintCore
0x0000000008677000 	/System/Library/Frameworks/ApplicationServices.framework/Versions/A/Frameworks/QD.framework/Versions/A/QD
0x0000000008677000 	/System/Library/Frameworks/ApplicationServices.framework/Versions/A/Frameworks/SpeechSynthesis.framework/Versions/A/SpeechSynthesis
0x0000000008677000 	/System/Library/Frameworks/Accelerate.framework/Versions/A/Accelerate
0x0000000008677000 	/System/Library/Frameworks/Accelerate.framework/Versions/A/Frameworks/vImage.framework/Versions/A/vImage
0x0000000008677000 	/System/Library/Frameworks/Accelerate.framework/Versions/A/Frameworks/vecLib.framework/Versions/A/vecLib
0x0000000008677000 	/System/Library/Frameworks/Accelerate.framework/Versions/A/Frameworks/vecLib.framework/Versions/A/libvDSP.dylib
0x0000000008677000 	/System/Library/Frameworks/Accelerate.framework/Versions/A/Frameworks/vecLib.framework/Versions/A/libvMisc.dylib
0x0000000008677000 	/System/Library/Frameworks/Accelerate.framework/Versions/A/Frameworks/vecLib.framework/Versions/A/libLAPACK.dylib
0x0000000008677000 	/System/Library/Frameworks/Accelerate.framework/Versions/A/Frameworks/vecLib.framework/Versions/A/libBLAS.dylib
0x0000000008677000 	/System/Library/Frameworks/Accelerate.framework/Versions/A/Frameworks/vecLib.framework/Versions/A/libLinearAlgebra.dylib
0x0000000008677000 	/System/Library/Frameworks/ApplicationServices.framework/Versions/A/Frameworks/ATS.framework/Versions/A/Resources/libFontParser.dylib
0x0000000008677000 	/System/Library/Frameworks/ApplicationServices.framework/Versions/A/Frameworks/ATS.framework/Versions/A/Resources/libFontRegistry.dylib
0x0000000008677000 	/System/Library/PrivateFrameworks/AppleVPA.framework/Versions/A/AppleVPA
0x0000000008677000 	/System/Library/PrivateFrameworks/AppleJPEG.framework/Versions/A/AppleJPEG
0x0000000008677000 	/System/Library/Frameworks/ImageIO.framework/Versions/A/Resources/libJPEG.dylib
0x0000000008677000 	/System/Library/Frameworks/ImageIO.framework/Versions/A/Resources/libTIFF.dylib
0x0000000008677000 	/System/Library/Frameworks/ImageIO.framework/Versions/A/Resources/libPng.dylib
0x0000000008677000 	/System/Library/Frameworks/ImageIO.framework/Versions/A/Resources/libGIF.dylib
0x0000000008677000 	/System/Library/Frameworks/ImageIO.framework/Versions/A/Resources/libJP2.dylib
0x0000000008677000 	/System/Library/Frameworks/ImageIO.framework/Versions/A/Resources/libRadiance.dylib
0x0000000008677000 	/System/Library/Frameworks/CoreVideo.framework/Versions/A/CoreVideo
0x0000000008677000 	/System/Library/Frameworks/OpenGL.framework/Versions/A/Libraries/libGLU.dylib
0x0000000008677000 	/System/Library/Frameworks/OpenGL.framework/Versions/A/Libraries/libGFXShared.dylib
0x0000000008677000 	/System/Library/Frameworks/OpenGL.framework/Versions/A/Libraries/libGL.dylib
0x0000000008677000 	/System/Library/Frameworks/OpenGL.framework/Versions/A/Libraries/libGLImage.dylib
0x0000000008677000 	/System/Library/Frameworks/OpenGL.framework/Versions/A/Libraries/libCVMSPluginSupport.dylib
0x0000000008677000 	/System/Library/Frameworks/OpenGL.framework/Versions/A/Libraries/libCoreVMClient.dylib
0x0000000008677000 	/usr/lib/libcups.2.dylib
0x0000000008677000 	/System/Library/Frameworks/Kerberos.framework/Versions/A/Kerberos
0x0000000008677000 	/System/Library/Frameworks/GSS.framework/Versions/A/GSS
0x0000000008677000 	/usr/lib/libresolv.9.dylib
0x0000000008677000 	/System/Library/PrivateFrameworks/Heimdal.framework/Versions/A/Heimdal
0x0000000008677000 	/usr/lib/libheimdal-asn1.dylib
0x0000000008677000 	/System/Library/Frameworks/OpenDirectory.framework/Versions/A/OpenDirectory
0x0000000008677000 	/System/Library/PrivateFrameworks/CommonAuth.framework/Versions/A/CommonAuth
0x0000000008677000 	/System/Library/Frameworks/SecurityFoundation.framework/Versions/A/SecurityFoundation
0x0000000008677000 	/System/Library/Frameworks/QuartzCore.framework/Versions/A/Frameworks/CoreImage.framework/Versions/A/CoreImage
0x0000000008677000 	/System/Library/PrivateFrameworks/CrashReporterSupport.framework/Versions/A/CrashReporterSupport
0x0000000008677000 	/System/Library/Frameworks/OpenCL.framework/Versions/A/OpenCL
0x0000000008677000 	/System/Library/PrivateFrameworks/FaceCore.framework/Versions/A/FaceCore
0x0000000008677000 	/System/Library/PrivateFrameworks/Ubiquity.framework/Versions/A/Ubiquity
0x0000000008677000 	/System/Library/PrivateFrameworks/IconServices.framework/Versions/A/IconServices
0x0000000008677000 	/System/Library/PrivateFrameworks/ChunkingLibrary.framework/Versions/A/ChunkingLibrary
0x0000000008677000 	/System/Library/PrivateFrameworks/Apple80211.framework/Versions/A/Apple80211
0x0000000008677000 	/System/Library/Frameworks/CoreWLAN.framework/Versions/A/CoreWLAN
0x0000000008677000 	/System/Library/Frameworks/IOBluetooth.framework/Versions/A/IOBluetooth
0x0000000008677000 	/System/Library/PrivateFrameworks/CoreWiFi.framework/Versions/A/CoreWiFi
0x0000000008677000 	/System/Library/Frameworks/CoreBluetooth.framework/Versions/A/CoreBluetooth
0x0000000008677000 	/System/Library/PrivateFrameworks/DebugSymbols.framework/Versions/A/DebugSymbols
0x0000000008677000 	/System/Library/PrivateFrameworks/CoreSymbolication.framework/Versions/A/CoreSymbolication
0x0000000008677000 	/System/Library/PrivateFrameworks/Symbolication.framework/Versions/A/Symbolication
0x0000000008677000 	/System/Library/PrivateFrameworks/SpeechRecognitionCore.framework/Versions/A/SpeechRecognitionCore
0x0000000104400000 	/Library/Java/JavaVirtualMachines/jdk1.8.0_45.jdk/Contents/Home/jre/lib/server/libjvm.dylib
0x0000000008677000 	/usr/lib/libstdc++.6.dylib
0x0000000103bcc000 	/Library/Java/JavaVirtualMachines/jdk1.8.0_45.jdk/Contents/Home/jre/lib/libverify.dylib
0x000000010546c000 	/Library/Java/JavaVirtualMachines/jdk1.8.0_45.jdk/Contents/Home/jre/lib/libjava.dylib
0x0000000103be4000 	/Library/Java/JavaVirtualMachines/jdk1.8.0_45.jdk/Contents/Home/jre/lib/libzip.dylib
0x0000000118faf000 	/System/Library/Frameworks/JavaVM.framework/Frameworks/JavaRuntimeSupport.framework/JavaRuntimeSupport
0x0000000118fc7000 	/System/Library/Frameworks/JavaVM.framework/Versions/A/Frameworks/JavaNativeFoundation.framework/Versions/A/JavaNativeFoundation
0x0000000103bee000 	/System/Library/Frameworks/JavaVM.framework/Versions/A/JavaVM
0x0000000008677000 	/System/Library/Frameworks/Carbon.framework/Versions/A/Carbon
0x0000000118fdc000 	/System/Library/PrivateFrameworks/JavaLaunching.framework/Versions/A/JavaLaunching
0x0000000008677000 	/System/Library/Frameworks/Carbon.framework/Versions/A/Frameworks/CommonPanels.framework/Versions/A/CommonPanels
0x0000000008677000 	/System/Library/Frameworks/Carbon.framework/Versions/A/Frameworks/Help.framework/Versions/A/Help
0x0000000008677000 	/System/Library/Frameworks/Carbon.framework/Versions/A/Frameworks/ImageCapture.framework/Versions/A/ImageCapture
0x0000000008677000 	/System/Library/Frameworks/Carbon.framework/Versions/A/Frameworks/OpenScripting.framework/Versions/A/OpenScripting
0x0000000008677000 	/System/Library/Frameworks/Carbon.framework/Versions/A/Frameworks/Print.framework/Versions/A/Print
0x0000000008677000 	/System/Library/Frameworks/Carbon.framework/Versions/A/Frameworks/SecurityHI.framework/Versions/A/SecurityHI
0x000000011afcb000 	/Library/Java/JavaVirtualMachines/jdk1.8.0_45.jdk/Contents/Home/jre/lib/libprism_es2.dylib
0x0000000008677000 	/System/Library/Frameworks/OpenGL.framework/Versions/A/Resources/GLEngine.bundle/GLEngine
0x0000000008677000 	/System/Library/Frameworks/OpenGL.framework/Versions/A/Libraries/libGLProgrammability.dylib
0x0000000000000000 	/System/Library/Extensions/AppleIntelHD4000GraphicsGLDriver.bundle/Contents/MacOS/AppleIntelHD4000GraphicsGLDriver
0x0000000008677000 	/System/Library/PrivateFrameworks/IOAccelerator.framework/Versions/A/IOAccelerator
0x0000000008677000 	/System/Library/PrivateFrameworks/GPUSupport.framework/Versions/A/Libraries/libGPUSupportMercury.dylib
0x0000000008677000 	/System/Library/Frameworks/OpenGL.framework/Versions/A/Resources/GLRendererFloat.bundle/GLRendererFloat
0x0000000008677000 	/System/Library/Frameworks/OpenCL.framework/Versions/A/Libraries/libcldcpuengine.dylib
0x0000000008677000 	/System/Library/PrivateFrameworks/DiskImages.framework/Versions/A/DiskImages
0x0000000008677000 	/System/Library/Frameworks/DiscRecording.framework/Versions/A/DiscRecording
0x0000000008677000 	/usr/lib/libcsfde.dylib
0x0000000008677000 	/usr/lib/libcurl.4.dylib
0x0000000008677000 	/System/Library/PrivateFrameworks/MediaKit.framework/Versions/A/MediaKit
0x0000000008677000 	/System/Library/PrivateFrameworks/ProtectedCloudStorage.framework/Versions/A/ProtectedCloudStorage
0x0000000008677000 	/usr/lib/libCoreStorage.dylib
0x0000000008677000 	/System/Library/PrivateFrameworks/EFILogin.framework/Versions/A/EFILogin
0x0000000008677000 	/usr/lib/libutil.dylib
0x0000000008677000 	/System/Library/PrivateFrameworks/FindMyDevice.framework/Versions/A/FindMyDevice
0x0000000008677000 	/System/Library/Frameworks/LDAP.framework/Versions/A/LDAP
0x0000000008677000 	/usr/lib/libsasl2.2.dylib
0x0000000008677000 	/System/Library/PrivateFrameworks/CoreDaemon.framework/Versions/B/CoreDaemon
0x0000000008677000 	/usr/lib/libcrypto.0.9.8.dylib
0x0000000008677000 	/System/Library/PrivateFrameworks/AppleSRP.framework/Versions/A/AppleSRP
0x0000000008677000 	/System/Library/PrivateFrameworks/TrustEvaluationAgent.framework/Versions/A/TrustEvaluationAgent
0x000000011b478000 	/Library/Java/JavaVirtualMachines/jdk1.8.0_45.jdk/Contents/Home/jre/lib/libglass.dylib
0x0000000008677000 	/System/Library/PrivateFrameworks/CoreServicesInternal.framework/Versions/A/CoreServicesInternal
0x0000000008677000 	/System/Library/PrivateFrameworks/CloudDocs.framework/Versions/A/CloudDocs
0x0000000008677000 	/System/Library/PrivateFrameworks/CoreDuet.framework/Versions/A/CoreDuet
0x0000000008677000 	/System/Library/Frameworks/CloudKit.framework/Versions/A/CloudKit
0x0000000008677000 	/System/Library/PrivateFrameworks/ProtocolBuffer.framework/Versions/A/ProtocolBuffer
0x0000000008677000 	/System/Library/PrivateFrameworks/CoreDuetDaemonProtocol.framework/Versions/A/CoreDuetDaemonProtocol
0x0000000008677000 	/System/Library/PrivateFrameworks/CoreDuetDebugLogging.framework/Versions/A/CoreDuetDebugLogging
0x0000000008677000 	/System/Library/Frameworks/CoreLocation.framework/Versions/A/CoreLocation
0x0000000008677000 	/System/Library/Frameworks/Accounts.framework/Versions/A/Accounts
0x0000000008677000 	/System/Library/PrivateFrameworks/ApplePushService.framework/Versions/A/ApplePushService
0x0000000008677000 	/System/Library/PrivateFrameworks/GeoServices.framework/Versions/A/GeoServices
0x0000000008677000 	/System/Library/PrivateFrameworks/OAuth.framework/Versions/A/OAuth
0x0000000008677000 	/System/Library/Frameworks/CoreGraphics.framework/Versions/A/Resources/libCGCMS.A.dylib
0x0000000008677000 	/System/Library/CoreServices/RawCamera.bundle/Contents/MacOS/RawCamera
0x0000000008677000 	/System/Library/Frameworks/CoreGraphics.framework/Versions/A/Resources/libRIP.A.dylib
0x0000000008677000 	/System/Library/PrivateFrameworks/FamilyControls.framework/Versions/A/FamilyControls
0x0000000008677000 	/System/Library/PrivateFrameworks/CommerceKit.framework/Versions/A/Frameworks/CommerceCore.framework/Versions/A/CommerceCore
0x0000000008677000 	/System/Library/PrivateFrameworks/SystemAdministration.framework/Versions/A/SystemAdministration
0x0000000008677000 	/System/Library/PrivateFrameworks/AppContainer.framework/Versions/A/AppContainer
0x0000000008677000 	/System/Library/PrivateFrameworks/SecCodeWrapper.framework/Versions/A/SecCodeWrapper
0x0000000008677000 	/System/Library/Frameworks/DirectoryService.framework/Versions/A/DirectoryService
0x0000000008677000 	/System/Library/PrivateFrameworks/LoginUIKit.framework/Versions/A/Frameworks/LoginUICore.framework/Versions/A/LoginUICore
0x0000000008677000 	/usr/lib/libodfde.dylib

VM Arguments:
jvm_args: -Dfile.encoding=UTF-8 
java_command: application.Main
java_class_path (initial): /Users/melanie/Documents/Java/ProjectX/ProjectX/bin
Launcher Type: SUN_STANDARD

Environment Variables:
PATH=/usr/bin:/bin:/usr/sbin:/sbin
SHELL=/bin/bash
DISPLAY=/private/tmp/com.apple.launchd.ZNTS7seetJ/org.macosforge.xquartz:0

Signal Handlers:
SIGSEGV: [libjvm.dylib+0x58ef95], sa_mask[0]=11111111011111110111111111111111, sa_flags=SA_ONSTACK|SA_RESTART|SA_SIGINFO
SIGBUS: [libjvm.dylib+0x58ef95], sa_mask[0]=11111111011111110111111111111111, sa_flags=SA_RESTART|SA_SIGINFO
SIGFPE: [libjvm.dylib+0x46c108], sa_mask[0]=11111111011111110111111111111111, sa_flags=SA_RESTART|SA_SIGINFO
SIGPIPE: [libjvm.dylib+0x46c108], sa_mask[0]=11111111011111110111111111111111, sa_flags=SA_RESTART|SA_SIGINFO
SIGXFSZ: [libjvm.dylib+0x46c108], sa_mask[0]=11111111011111110111111111111111, sa_flags=SA_RESTART|SA_SIGINFO
SIGILL: [libjvm.dylib+0x46c108], sa_mask[0]=11111111011111110111111111111111, sa_flags=SA_RESTART|SA_SIGINFO
SIGUSR1: SIG_DFL, sa_mask[0]=00000000000000000000000000000000, sa_flags=none
SIGUSR2: [libjvm.dylib+0x46bc26], sa_mask[0]=00100000000000000000000000000000, sa_flags=SA_RESTART|SA_SIGINFO
SIGHUP: [libjvm.dylib+0x46a1f9], sa_mask[0]=11111111011111110111111111111111, sa_flags=SA_RESTART|SA_SIGINFO
SIGINT: [libjvm.dylib+0x46a1f9], sa_mask[0]=11111111011111110111111111111111, sa_flags=SA_RESTART|SA_SIGINFO
SIGTERM: [libjvm.dylib+0x46a1f9], sa_mask[0]=11111111011111110111111111111111, sa_flags=SA_RESTART|SA_SIGINFO
SIGQUIT: [libjvm.dylib+0x46a1f9], sa_mask[0]=11111111011111110111111111111111, sa_flags=SA_RESTART|SA_SIGINFO


---------------  S Y S T E M  ---------------

OS:Bsduname:Darwin 14.0.0 Darwin Kernel Version 14.0.0: Fri Sep 19 00:26:44 PDT 2014; root:xnu-2782.1.97~2/RELEASE_X86_64 x86_64
rlimit: STACK 8192k, CORE 0k, NPROC 709, NOFILE 10240, AS infinity
load average:1.55 1.50 1.65

CPU:total 4 (2 cores per cpu, 2 threads per core) family 6 model 58 stepping 9, cmov, cx8, fxsr, mmx, sse, sse2, sse3, ssse3, sse4.1, sse4.2, popcnt, avx, aes, clmul, erms, ht, tsc, tscinvbit, tscinv

Memory: 4k page, physical 4194304k(83908k free)

/proc/meminfo:


vm_info: Java HotSpot(TM) 64-Bit Server VM (25.45-b02) for bsd-amd64 JRE (1.8.0_45-b14), built on Apr 10 2015 10:46:38 by "java_re" with gcc 4.2.1 (Based on Apple Inc. build 5658) (LLVM build 2336.11.00)

time: Thu Dec 17 15:41:01 2015
elapsed time: 0 seconds (0d 0h 0m 0s)

